<?xml version="1.0" encoding="UTF-8"?>
<testng-results skipped="0" failed="0" ignored="0" total="1" passed="1">
  <reporter-output>
  </reporter-output>
  <suite name="Default suite" duration-ms="15360" started-at="2017-02-11T22:42:51Z" finished-at="2017-02-11T22:43:06Z">
    <groups>
    </groups>
    <test name="Default test" duration-ms="15360" started-at="2017-02-11T22:42:51Z" finished-at="2017-02-11T22:43:06Z">
      <class name="com.test.crowdTest">
        <test-method status="PASS" signature="theTest()[pri:0, instance:com.test.crowdTest@4cc0edeb]" name="theTest" duration-ms="15299" started-at="2017-02-11T17:42:51Z" finished-at="2017-02-11T17:43:06Z">
          <reporter-output>
          </reporter-output>
        </test-method> <!-- theTest -->
      </class> <!-- com.test.crowdTest -->
    </test> <!-- Default test -->
  </suite> <!-- Default suite -->
</testng-results>
